Starting on 3-9 at 15:56:52

Question Q1
===========

Route Length: 2
*** PASS: test_cases/Q1/graph_backtrack.test
*** 	solution:		['1:A->C', '0:C->G']
*** 	expanded_states:	['A', 'D', 'C']
Route Length: 2
*** PASS: test_cases/Q1/graph_bfs_vs_dfs.test
*** 	solution:		['2:A->D', '0:D->G']
*** 	expanded_states:	['A', 'D']
Route Length: 3
*** PASS: test_cases/Q1/graph_infinite.test
*** 	solution:		['0:A->B', '1:B->C', '1:C->G']
*** 	expanded_states:	['A', 'B', 'C']
Route Length: 6
*** PASS: test_cases/Q1/graph_manypaths.test
*** 	solution:		['2:A->B2', '0:B2->C', '0:C->D', '2:D->E2', '0:E2->F', '0:F->G']
*** 	expanded_states:	['A', 'B2', 'C', 'D', 'E2', 'F']
Route Length: 130
*** PASS: test_cases/Q1/pacman_1.test
*** 	pacman layout:		mediumMaze
*** 	solution length: 130
*** 	nodes expanded:		146

### Question Q1: 3/3 ###


Finished at 15:56:52

Provisional grades
==================
Question Q1: 3/3
------------------
Total: 3/3

Your grades are NOT yet registered.  To register your grades, make sure
to follow your instructor's guidelines to receive credit on your project.

